<?xml version="1.0" encoding="UTF-8"?>
<coverage generated="1775242572379" clover="3.2.0">
  <project timestamp="1775242572379" name="All files">
    <metrics statements="52" coveredstatements="40" conditionals="17" coveredconditionals="9" methods="20" coveredmethods="14" elements="89" coveredelements="63" complexity="0" loc="52" ncloc="52" packages="3" files="6" classes="6"/>
    <package name="src">
      <metrics statements="11" coveredstatements="7" conditionals="4" coveredconditionals="0" methods="4" coveredmethods="0"/>
      <file name="firebase.ts" path="C:\develop\Private\wyrmhort\frontend\src\firebase.ts">
        <metrics statements="5" coveredstatements="5" conditionals="0" coveredconditionals="0" methods="0" coveredmethods="0"/>
        <line num="5" count="1" type="stmt"/>
        <line num="15" count="1" type="stmt"/>
        <line num="17" count="1" type="stmt"/>
        <line num="18" count="1" type="stmt"/>
        <line num="19" count="1" type="stmt"/>
      </file>
      <file name="logger.ts" path="C:\develop\Private\wyrmhort\frontend\src\logger.ts">
        <metrics statements="6" coveredstatements="2" conditionals="4" coveredconditionals="0" methods="4" coveredmethods="0"/>
        <line num="1" count="4" type="stmt"/>
        <line num="3" count="4" type="stmt"/>
        <line num="5" count="0" type="cond" truecount="0" falsecount="2"/>
        <line num="8" count="0" type="stmt"/>
        <line num="11" count="0" type="stmt"/>
        <line num="14" count="0" type="cond" truecount="0" falsecount="2"/>
      </file>
    </package>
    <package name="src.components">
      <metrics statements="11" coveredstatements="11" conditionals="5" coveredconditionals="5" methods="7" coveredmethods="7"/>
      <file name="LoadingSpinner.tsx" path="C:\develop\Private\wyrmhort\frontend\src\components\LoadingSpinner.tsx">
        <metrics statements="2" coveredstatements="2" conditionals="0" coveredconditionals="0" methods="1" coveredmethods="1"/>
        <line num="4" count="1" type="stmt"/>
        <line num="6" count="1" type="stmt"/>
      </file>
      <file name="Pagination.tsx" path="C:\develop\Private\wyrmhort\frontend\src\components\Pagination.tsx">
        <metrics statements="6" coveredstatements="6" conditionals="1" coveredconditionals="1" methods="5" coveredmethods="5"/>
        <line num="25" count="7" type="stmt"/>
        <line num="27" count="7" type="stmt"/>
        <line num="34" count="1" type="stmt"/>
        <line num="37" count="21" type="stmt"/>
        <line num="50" count="1" type="stmt"/>
        <line num="53" count="35" type="stmt"/>
      </file>
      <file name="SortIndicator.tsx" path="C:\develop\Private\wyrmhort\frontend\src\components\SortIndicator.tsx">
        <metrics statements="3" coveredstatements="3" conditionals="4" coveredconditionals="4" methods="1" coveredmethods="1"/>
        <line num="9" count="1" type="stmt"/>
        <line num="10" count="3" type="cond" truecount="2" falsecount="0"/>
        <line num="11" count="2" type="stmt"/>
      </file>
    </package>
    <package name="src.hooks">
      <metrics statements="30" coveredstatements="22" conditionals="8" coveredconditionals="4" methods="9" coveredmethods="7"/>
      <file name="useAuth.ts" path="C:\develop\Private\wyrmhort\frontend\src\hooks\useAuth.ts">
        <metrics statements="30" coveredstatements="22" conditionals="8" coveredconditionals="4" methods="9" coveredmethods="7"/>
        <line num="9" count="1" type="stmt"/>
        <line num="16" count="8" type="stmt"/>
        <line num="17" count="8" type="stmt"/>
        <line num="18" count="8" type="cond" truecount="1" falsecount="1"/>
        <line num="21" count="8" type="stmt"/>
        <line num="22" count="8" type="stmt"/>
        <line num="23" count="4" type="cond" truecount="1" falsecount="1"/>
        <line num="25" count="8" type="stmt"/>
        <line num="26" count="8" type="stmt"/>
        <line num="27" count="0" type="stmt"/>
        <line num="28" count="0" type="stmt"/>
        <line num="31" count="8" type="stmt"/>
        <line num="32" count="4" type="cond" truecount="1" falsecount="1"/>
        <line num="33" count="4" type="stmt"/>
        <line num="34" count="4" type="stmt"/>
        <line num="38" count="8" type="stmt"/>
        <line num="39" count="1" type="stmt"/>
        <line num="40" count="1" type="stmt"/>
        <line num="42" count="0" type="stmt"/>
        <line num="46" count="8" type="stmt"/>
        <line num="47" count="0" type="stmt"/>
        <line num="48" count="0" type="stmt"/>
        <line num="51" count="8" type="stmt"/>
        <line num="52" count="1" type="cond" truecount="1" falsecount="1"/>
        <line num="53" count="0" type="stmt"/>
        <line num="54" count="0" type="stmt"/>
        <line num="56" count="1" type="stmt"/>
        <line num="57" count="1" type="stmt"/>
        <line num="59" count="0" type="stmt"/>
        <line num="64" count="8" type="stmt"/>
      </file>
    </package>
  </project>
</coverage>
