{"C:\\develop\\Private\\wyrmhort\\frontend\\src\\firebase.ts": {"path":"C:\\develop\\Private\\wyrmhort\\frontend\\src\\firebase.ts","statementMap":{"0":{"start":{"line":4,"column":23},"end":{"line":12,"column":null}},"1":{"start":{"line":14,"column":6},"end":{"line":14,"column":null}},"2":{"start":{"line":16,"column":13},"end":{"line":16,"column":null}},"3":{"start":{"line":17,"column":24},"end":{"line":17,"column":null}}},"fnMap":{},"branchMap":{},"s":{"0":1,"1":1,"2":1,"3":1},"f":{},"b":{},"meta":{"lastBranch":0,"lastFunction":0,"lastStatement":4,"seen":{"s:4:23:12:Infinity":0,"s:14:6:14:Infinity":1,"s:16:13:16:Infinity":2,"s:17:24:17:Infinity":3}}}
,"C:\\develop\\Private\\wyrmhort\\frontend\\src\\logger.ts": {"path":"C:\\develop\\Private\\wyrmhort\\frontend\\src\\logger.ts","statementMap":{"0":{"start":{"line":1,"column":18},"end":{"line":1,"column":null}},"1":{"start":{"line":3,"column":22},"end":{"line":16,"column":null}},"2":{"start":{"line":5,"column":8},"end":{"line":5,"column":null}},"3":{"start":{"line":5,"column":23},"end":{"line":5,"column":null}},"4":{"start":{"line":8,"column":8},"end":{"line":8,"column":null}},"5":{"start":{"line":11,"column":8},"end":{"line":11,"column":null}},"6":{"start":{"line":14,"column":8},"end":{"line":14,"column":null}},"7":{"start":{"line":14,"column":23},"end":{"line":14,"column":null}}},"fnMap":{"0":{"name":"(anonymous_0)","decl":{"start":{"line":4,"column":4},"end":{"line":4,"column":11}},"loc":{"start":{"line":4,"column":51},"end":{"line":6,"column":null}},"line":4},"1":{"name":"(anonymous_1)","decl":{"start":{"line":7,"column":4},"end":{"line":7,"column":11}},"loc":{"start":{"line":7,"column":51},"end":{"line":9,"column":null}},"line":7},"2":{"name":"(anonymous_2)","decl":{"start":{"line":10,"column":4},"end":{"line":10,"column":12}},"loc":{"start":{"line":10,"column":52},"end":{"line":12,"column":null}},"line":10},"3":{"name":"(anonymous_3)","decl":{"start":{"line":13,"column":4},"end":{"line":13,"column":12}},"loc":{"start":{"line":13,"column":52},"end":{"line":15,"column":null}},"line":13}},"branchMap":{"0":{"loc":{"start":{"line":5,"column":8},"end":{"line":5,"column":null}},"type":"if","locations":[{"start":{"line":5,"column":8},"end":{"line":5,"column":null}},{"start":{},"end":{}}],"line":5},"1":{"loc":{"start":{"line":14,"column":8},"end":{"line":14,"column":null}},"type":"if","locations":[{"start":{"line":14,"column":8},"end":{"line":14,"column":null}},{"start":{},"end":{}}],"line":14}},"s":{"0":4,"1":4,"2":0,"3":0,"4":0,"5":0,"6":0,"7":0},"f":{"0":0,"1":0,"2":0,"3":0},"b":{"0":[0,0],"1":[0,0]},"meta":{"lastBranch":2,"lastFunction":4,"lastStatement":8,"seen":{"s:1:18:1:Infinity":0,"s:3:22:16:Infinity":1,"f:4:4:4:11":0,"b:5:8:5:Infinity:undefined:undefined:undefined:undefined":0,"s:5:8:5:Infinity":2,"s:5:23:5:Infinity":3,"f:7:4:7:11":1,"s:8:8:8:Infinity":4,"f:10:4:10:12":2,"s:11:8:11:Infinity":5,"f:13:4:13:12":3,"b:14:8:14:Infinity:undefined:undefined:undefined:undefined":1,"s:14:8:14:Infinity":6,"s:14:23:14:Infinity":7}}}
,"C:\\develop\\Private\\wyrmhort\\frontend\\src\\components\\LoadingSpinner.tsx": {"path":"C:\\develop\\Private\\wyrmhort\\frontend\\src\\components\\LoadingSpinner.tsx","statementMap":{"0":{"start":{"line":4,"column":11},"end":{"line":4,"column":null}},"1":{"start":{"line":6,"column":4},"end":{"line":10,"column":null}}},"fnMap":{"0":{"name":"LoadingSpinner","decl":{"start":{"line":3,"column":16},"end":{"line":3,"column":33}},"loc":{"start":{"line":3,"column":33},"end":{"line":12,"column":null}},"line":3}},"branchMap":{},"s":{"0":1,"1":1},"f":{"0":1},"b":{},"meta":{"lastBranch":0,"lastFunction":1,"lastStatement":2,"seen":{"f:3:16:3:33":0,"s:4:11:4:Infinity":0,"s:6:4:10:Infinity":1}}}
,"C:\\develop\\Private\\wyrmhort\\frontend\\src\\components\\Pagination.tsx": {"path":"C:\\develop\\Private\\wyrmhort\\frontend\\src\\components\\Pagination.tsx","statementMap":{"0":{"start":{"line":25,"column":11},"end":{"line":25,"column":null}},"1":{"start":{"line":27,"column":4},"end":{"line":65,"column":null}},"2":{"start":{"line":34,"column":37},"end":{"line":34,"column":null}},"3":{"start":{"line":37,"column":24},"end":{"line":37,"column":null}},"4":{"start":{"line":50,"column":81},"end":{"line":50,"column":null}},"5":{"start":{"line":53,"column":28},"end":{"line":53,"column":null}}},"fnMap":{"0":{"name":"Pagination","decl":{"start":{"line":15,"column":24},"end":{"line":15,"column":35}},"loc":{"start":{"line":24,"column":55},"end":{"line":67,"column":null}},"line":24},"1":{"name":"(anonymous_1)","decl":{"start":{"line":34,"column":20},"end":{"line":34,"column":31}},"loc":{"start":{"line":34,"column":37},"end":{"line":34,"column":null}},"line":34},"2":{"name":"(anonymous_2)","decl":{"start":{"line":36,"column":37},"end":{"line":36,"column":42}},"loc":{"start":{"line":37,"column":24},"end":{"line":37,"column":null}},"line":37},"3":{"name":"(anonymous_3)","decl":{"start":{"line":50,"column":64},"end":{"line":50,"column":75}},"loc":{"start":{"line":50,"column":81},"end":{"line":50,"column":null}},"line":50},"4":{"name":"(anonymous_4)","decl":{"start":{"line":52,"column":55},"end":{"line":52,"column":59}},"loc":{"start":{"line":53,"column":28},"end":{"line":53,"column":null}},"line":53}},"branchMap":{"0":{"loc":{"start":{"line":23,"column":39},"end":{"line":23,"column":null}},"type":"default-arg","locations":[{"start":{"line":23,"column":57},"end":{"line":23,"column":null}}],"line":23}},"s":{"0":7,"1":7,"2":1,"3":21,"4":1,"5":35},"f":{"0":7,"1":1,"2":21,"3":1,"4":35},"b":{"0":[7]},"meta":{"lastBranch":1,"lastFunction":5,"lastStatement":6,"seen":{"f:15:24:15:35":0,"b:23:57:23:Infinity":0,"s:25:11:25:Infinity":0,"s:27:4:65:Infinity":1,"f:34:20:34:31":1,"s:34:37:34:Infinity":2,"f:36:37:36:42":2,"s:37:24:37:Infinity":3,"f:50:64:50:75":3,"s:50:81:50:Infinity":4,"f:52:55:52:59":4,"s:53:28:53:Infinity":5}}}
,"C:\\develop\\Private\\wyrmhort\\frontend\\src\\components\\SortIndicator.tsx": {"path":"C:\\develop\\Private\\wyrmhort\\frontend\\src\\components\\SortIndicator.tsx","statementMap":{"0":{"start":{"line":9,"column":22},"end":{"line":16,"column":null}},"1":{"start":{"line":10,"column":4},"end":{"line":10,"column":null}},"2":{"start":{"line":10,"column":17},"end":{"line":10,"column":null}},"3":{"start":{"line":11,"column":4},"end":{"line":14,"column":null}}},"fnMap":{"0":{"name":"(anonymous_0)","decl":{"start":{"line":9,"column":28},"end":{"line":9,"column":34}},"loc":{"start":{"line":9,"column":72},"end":{"line":16,"column":1}},"line":9}},"branchMap":{"0":{"loc":{"start":{"line":10,"column":4},"end":{"line":10,"column":null}},"type":"if","locations":[{"start":{"line":10,"column":4},"end":{"line":10,"column":null}},{"start":{},"end":{}}],"line":10},"1":{"loc":{"start":{"line":13,"column":13},"end":{"line":13,"column":null}},"type":"cond-expr","locations":[{"start":{"line":13,"column":19},"end":{"line":13,"column":45}},{"start":{"line":13,"column":44},"end":{"line":13,"column":null}}],"line":13}},"s":{"0":1,"1":3,"2":1,"3":2},"f":{"0":3},"b":{"0":[1,2],"1":[1,1]},"meta":{"lastBranch":2,"lastFunction":1,"lastStatement":4,"seen":{"s:9:22:16:Infinity":0,"f:9:28:9:34":0,"b:10:4:10:Infinity:undefined:undefined:undefined:undefined":0,"s:10:4:10:Infinity":1,"s:10:17:10:Infinity":2,"s:11:4:14:Infinity":3,"b:13:19:13:45:13:44:13:Infinity":1}}}
,"C:\\develop\\Private\\wyrmhort\\frontend\\src\\hooks\\useAuth.ts": {"path":"C:\\develop\\Private\\wyrmhort\\frontend\\src\\hooks\\useAuth.ts","statementMap":{"0":{"start":{"line":9,"column":24},"end":{"line":13,"column":null}},"1":{"start":{"line":16,"column":10},"end":{"line":19,"column":null}},"2":{"start":{"line":17,"column":23},"end":{"line":17,"column":null}},"3":{"start":{"line":18,"column":8},"end":{"line":18,"column":null}},"4":{"start":{"line":21,"column":28},"end":{"line":21,"column":null}},"5":{"start":{"line":22,"column":17},"end":{"line":24,"column":null}},"6":{"start":{"line":23,"column":8},"end":{"line":23,"column":null}},"7":{"start":{"line":25,"column":21},"end":{"line":25,"column":null}},"8":{"start":{"line":26,"column":10},"end":{"line":29,"column":null}},"9":{"start":{"line":27,"column":8},"end":{"line":27,"column":null}},"10":{"start":{"line":28,"column":8},"end":{"line":28,"column":null}},"11":{"start":{"line":31,"column":4},"end":{"line":36,"column":null}},"12":{"start":{"line":32,"column":8},"end":{"line":35,"column":null}},"13":{"start":{"line":33,"column":18},"end":{"line":33,"column":null}},"14":{"start":{"line":34,"column":12},"end":{"line":34,"column":null}},"15":{"start":{"line":34,"column":25},"end":{"line":34,"column":null}},"16":{"start":{"line":38,"column":18},"end":{"line":44,"column":null}},"17":{"start":{"line":39,"column":8},"end":{"line":43,"column":null}},"18":{"start":{"line":40,"column":12},"end":{"line":40,"column":null}},"19":{"start":{"line":42,"column":12},"end":{"line":42,"column":null}},"20":{"start":{"line":46,"column":10},"end":{"line":49,"column":null}},"21":{"start":{"line":47,"column":8},"end":{"line":47,"column":null}},"22":{"start":{"line":48,"column":8},"end":{"line":48,"column":null}},"23":{"start":{"line":51,"column":19},"end":{"line":62,"column":null}},"24":{"start":{"line":52,"column":8},"end":{"line":61,"column":null}},"25":{"start":{"line":53,"column":12},"end":{"line":53,"column":null}},"26":{"start":{"line":54,"column":12},"end":{"line":54,"column":null}},"27":{"start":{"line":56,"column":12},"end":{"line":60,"column":null}},"28":{"start":{"line":57,"column":16},"end":{"line":57,"column":null}},"29":{"start":{"line":59,"column":16},"end":{"line":59,"column":null}},"30":{"start":{"line":64,"column":4},"end":{"line":64,"column":null}}},"fnMap":{"0":{"name":"useAuth","decl":{"start":{"line":15,"column":16},"end":{"line":15,"column":26}},"loc":{"start":{"line":15,"column":26},"end":{"line":65,"column":null}},"line":15},"1":{"name":"(anonymous_1)","decl":{"start":{"line":16,"column":10},"end":{"line":16,"column":47}},"loc":{"start":{"line":16,"column":47},"end":{"line":19,"column":null}},"line":16},"2":{"name":"(anonymous_2)","decl":{"start":{"line":22,"column":28},"end":{"line":22,"column":null}},"loc":{"start":{"line":23,"column":8},"end":{"line":23,"column":null}},"line":23},"3":{"name":"(anonymous_3)","decl":{"start":{"line":26,"column":10},"end":{"line":26,"column":25}},"loc":{"start":{"line":26,"column":44},"end":{"line":29,"column":null}},"line":26},"4":{"name":"(anonymous_4)","decl":{"start":{"line":31,"column":4},"end":{"line":31,"column":20}},"loc":{"start":{"line":31,"column":20},"end":{"line":36,"column":7}},"line":31},"5":{"name":"(anonymous_5)","decl":{"start":{"line":34,"column":12},"end":{"line":34,"column":25}},"loc":{"start":{"line":34,"column":25},"end":{"line":34,"column":null}},"line":34},"6":{"name":"(anonymous_6)","decl":{"start":{"line":38,"column":18},"end":{"line":38,"column":45}},"loc":{"start":{"line":38,"column":45},"end":{"line":44,"column":null}},"line":38},"7":{"name":"(anonymous_7)","decl":{"start":{"line":46,"column":10},"end":{"line":46,"column":30}},"loc":{"start":{"line":46,"column":30},"end":{"line":49,"column":null}},"line":46},"8":{"name":"(anonymous_8)","decl":{"start":{"line":51,"column":19},"end":{"line":51,"column":46}},"loc":{"start":{"line":51,"column":46},"end":{"line":62,"column":null}},"line":51}},"branchMap":{"0":{"loc":{"start":{"line":18,"column":15},"end":{"line":18,"column":null}},"type":"cond-expr","locations":[{"start":{"line":18,"column":35},"end":{"line":18,"column":44}},{"start":{"line":18,"column":44},"end":{"line":18,"column":null}}],"line":18},"1":{"loc":{"start":{"line":23,"column":8},"end":{"line":23,"column":null}},"type":"cond-expr","locations":[{"start":{"line":23,"column":37},"end":{"line":23,"column":49}},{"start":{"line":23,"column":49},"end":{"line":23,"column":null}}],"line":23},"2":{"loc":{"start":{"line":32,"column":8},"end":{"line":35,"column":null}},"type":"if","locations":[{"start":{"line":32,"column":8},"end":{"line":35,"column":null}},{"start":{},"end":{}}],"line":32},"3":{"loc":{"start":{"line":52,"column":8},"end":{"line":61,"column":null}},"type":"if","locations":[{"start":{"line":52,"column":8},"end":{"line":61,"column":null}},{"start":{"line":55,"column":15},"end":{"line":61,"column":null}}],"line":52}},"s":{"0":1,"1":8,"2":8,"3":8,"4":8,"5":8,"6":4,"7":8,"8":8,"9":0,"10":0,"11":8,"12":4,"13":4,"14":4,"15":4,"16":8,"17":1,"18":1,"19":0,"20":8,"21":0,"22":0,"23":8,"24":1,"25":0,"26":0,"27":1,"28":1,"29":0,"30":8},"f":{"0":8,"1":8,"2":4,"3":0,"4":4,"5":4,"6":1,"7":0,"8":1},"b":{"0":[0,8],"1":[0,4],"2":[4,0],"3":[0,1]},"meta":{"lastBranch":4,"lastFunction":9,"lastStatement":31,"seen":{"s:9:24:13:Infinity":0,"f:15:16:15:26":0,"s:16:10:19:Infinity":1,"f:16:10:16:47":1,"s:17:23:17:Infinity":2,"s:18:8:18:Infinity":3,"b:18:35:18:44:18:44:18:Infinity":0,"s:21:28:21:Infinity":4,"s:22:17:24:Infinity":5,"f:22:28:22:Infinity":2,"s:23:8:23:Infinity":6,"b:23:37:23:49:23:49:23:Infinity":1,"s:25:21:25:Infinity":7,"s:26:10:29:Infinity":8,"f:26:10:26:25":3,"s:27:8:27:Infinity":9,"s:28:8:28:Infinity":10,"s:31:4:36:Infinity":11,"f:31:4:31:20":4,"b:32:8:35:Infinity:undefined:undefined:undefined:undefined":2,"s:32:8:35:Infinity":12,"s:33:18:33:Infinity":13,"s:34:12:34:Infinity":14,"f:34:12:34:25":5,"s:34:25:34:Infinity":15,"s:38:18:44:Infinity":16,"f:38:18:38:45":6,"s:39:8:43:Infinity":17,"s:40:12:40:Infinity":18,"s:42:12:42:Infinity":19,"s:46:10:49:Infinity":20,"f:46:10:46:30":7,"s:47:8:47:Infinity":21,"s:48:8:48:Infinity":22,"s:51:19:62:Infinity":23,"f:51:19:51:46":8,"b:52:8:61:Infinity:55:15:61:Infinity":3,"s:52:8:61:Infinity":24,"s:53:12:53:Infinity":25,"s:54:12:54:Infinity":26,"s:56:12:60:Infinity":27,"s:57:16:57:Infinity":28,"s:59:16:59:Infinity":29,"s:64:4:64:Infinity":30}}}
}
